Request received at 2025-05-12 18:43:56
Method: POST
Raw input: {"id":10000002,"vision":"erere","mission":"rereeeeee","objective":"juiojm","tagline":"Your choice tagline","State":"Maharashtra","city":"pune","pin":"411015","add_line_1":"karve-road","add_line_2":"behind garware college","Customer_Care_Name":"","Customer_Care_phone_num_1":"","Customer_Care_phone_num_2":"","Customer_Care_Email":"","POC_Name":"","Poc_Email":"","Poc_Phone":""}
Decoded data: Array
(
    [id] => 10000002
    [vision] => erere
    [mission] => rereeeeee
    [objective] => juiojm
    [tagline] => Your choice tagline
    [State] => Maharashtra
    [city] => pune
    [pin] => 411015
    [add_line_1] => karve-road
    [add_line_2] => behind garware college
    [Customer_Care_Name] => 
    [Customer_Care_phone_num_1] => 
    [Customer_Care_phone_num_2] => 
    [Customer_Care_Email] => 
    [POC_Name] => 
    [Poc_Email] => 
    [Poc_Phone] => 
)

Error: Cannot add or update a child row: a foreign key constraint fails (`icb_portal`.`company_details`, CONSTRAINT `company_details_ibfk_1` FOREIGN KEY (`id`) REFERENCES `company` (`id`))

Request received at 2025-05-13 06:16:15
Method: POST
Raw input: {"id":10000002,"vision":"erere","mission":"rereeeeee","objective":"juiojm","tagline":"Your choice tagline","State":"maharashtra","city":"pune","pin":"411015","add_line_1":"karve-road","add_line_2":"behind garware college","Customer_Care_Name":"mandeep","Customer_Care_phone_num_1":"2147483647","Customer_Care_phone_num_2":"89202121","Customer_Care_Email":"mandeep@gmail.com","POC_Name":"Prajakta","Poc_Email":"prajaktamusale@mandetindia.com","Poc_Phone":"2323310"}
Decoded data: Array
(
    [id] => 10000002
    [vision] => erere
    [mission] => rereeeeee
    [objective] => juiojm
    [tagline] => Your choice tagline
    [State] => maharashtra
    [city] => pune
    [pin] => 411015
    [add_line_1] => karve-road
    [add_line_2] => behind garware college
    [Customer_Care_Name] => mandeep
    [Customer_Care_phone_num_1] => 2147483647
    [Customer_Care_phone_num_2] => 89202121
    [Customer_Care_Email] => mandeep@gmail.com
    [POC_Name] => Prajakta
    [Poc_Email] => prajaktamusale@mandetindia.com
    [Poc_Phone] => 2323310
)

Error: Cannot add or update a child row: a foreign key constraint fails (`icb_portal`.`company_details`, CONSTRAINT `company_details_ibfk_1` FOREIGN KEY (`id`) REFERENCES `company` (`id`))

Request received at 2025-05-13 06:17:00
Method: POST
Raw input: {"id":10000002,"vision":"erere","mission":"rereeeeee","objective":"juiojm","tagline":"Your choice tagline","State":"maharashtra","city":"pune","pin":"411015","add_line_1":"karve-road","add_line_2":"behind garware college","Customer_Care_Name":"mandeep","Customer_Care_phone_num_1":"2147483647","Customer_Care_phone_num_2":"2323310","Customer_Care_Email":"mandeep@gmail.com","POC_Name":"Prajakta","Poc_Email":"prajaktamusale@mandetindia.com","Poc_Phone":"2323310"}
Decoded data: Array
(
    [id] => 10000002
    [vision] => erere
    [mission] => rereeeeee
    [objective] => juiojm
    [tagline] => Your choice tagline
    [State] => maharashtra
    [city] => pune
    [pin] => 411015
    [add_line_1] => karve-road
    [add_line_2] => behind garware college
    [Customer_Care_Name] => mandeep
    [Customer_Care_phone_num_1] => 2147483647
    [Customer_Care_phone_num_2] => 2323310
    [Customer_Care_Email] => mandeep@gmail.com
    [POC_Name] => Prajakta
    [Poc_Email] => prajaktamusale@mandetindia.com
    [Poc_Phone] => 2323310
)

Error: Cannot add or update a child row: a foreign key constraint fails (`icb_portal`.`company_details`, CONSTRAINT `company_details_ibfk_1` FOREIGN KEY (`id`) REFERENCES `company` (`id`))

Request received at 2025-05-13 06:17:26
Method: POST
Raw input: {"id":10000002,"vision":"erere","mission":"rereeeeee","objective":"juiojm","tagline":"Your choice tagline","State":"maharashtra","city":"pune","pin":"411015","add_line_1":"karve-road","add_line_2":"behind garware college","Customer_Care_Name":"mandeep","Customer_Care_phone_num_1":"2147483647","Customer_Care_phone_num_2":"2323310","Customer_Care_Email":"mandeep@gmail.com","POC_Name":"Prajakta","Poc_Email":"prajaktamusale@mandetindia.com","Poc_Phone":"2323310"}
Decoded data: Array
(
    [id] => 10000002
    [vision] => erere
    [mission] => rereeeeee
    [objective] => juiojm
    [tagline] => Your choice tagline
    [State] => maharashtra
    [city] => pune
    [pin] => 411015
    [add_line_1] => karve-road
    [add_line_2] => behind garware college
    [Customer_Care_Name] => mandeep
    [Customer_Care_phone_num_1] => 2147483647
    [Customer_Care_phone_num_2] => 2323310
    [Customer_Care_Email] => mandeep@gmail.com
    [POC_Name] => Prajakta
    [Poc_Email] => prajaktamusale@mandetindia.com
    [Poc_Phone] => 2323310
)

Error: Cannot add or update a child row: a foreign key constraint fails (`icb_portal`.`company_details`, CONSTRAINT `company_details_ibfk_1` FOREIGN KEY (`id`) REFERENCES `company` (`id`))

Request received at 2025-05-13 06:19:53
Method: POST
Raw input: {"id":10000002,"vision":"erere","mission":"rereeeeee","objective":"juiojmk","tagline":"Your choice tagline","State":"maharashtra","city":"pune","pin":"411015","add_line_1":"karve-road","add_line_2":"behind garware college","Customer_Care_Name":"mandeep","Customer_Care_phone_num_1":"2147483647","Customer_Care_phone_num_2":"2323310","Customer_Care_Email":"mandeep@gmail.com","POC_Name":"Prajakta","Poc_Email":"prajaktamusale@mandetindia.com","Poc_Phone":"2323310"}
Decoded data: Array
(
    [id] => 10000002
    [vision] => erere
    [mission] => rereeeeee
    [objective] => juiojmk
    [tagline] => Your choice tagline
    [State] => maharashtra
    [city] => pune
    [pin] => 411015
    [add_line_1] => karve-road
    [add_line_2] => behind garware college
    [Customer_Care_Name] => mandeep
    [Customer_Care_phone_num_1] => 2147483647
    [Customer_Care_phone_num_2] => 2323310
    [Customer_Care_Email] => mandeep@gmail.com
    [POC_Name] => Prajakta
    [Poc_Email] => prajaktamusale@mandetindia.com
    [Poc_Phone] => 2323310
)

Error: Cannot add or update a child row: a foreign key constraint fails (`icb_portal`.`company_details`, CONSTRAINT `company_details_ibfk_1` FOREIGN KEY (`id`) REFERENCES `company` (`id`))

Request received at 2025-05-13 06:27:57
Method: POST
Raw input: {"id":10000002,"vision":"erere","mission":"rereeeeee","objective":"juiojmk","tagline":"Your choice tagline","State":"maharashtra","city":"pune","pin":"411015","add_line_1":"karve-road","add_line_2":"behind garware college","Customer_Care_Name":"mandeep","Customer_Care_phone_num_1":"2147483647","Customer_Care_phone_num_2":"2323310","Customer_Care_Email":"mandeep@gmail.com","POC_Name":"Prajakta","Poc_Email":"prajaktamusale@mandetindia.com","Poc_Phone":"2323310"}
Decoded data: Array
(
    [id] => 10000002
    [vision] => erere
    [mission] => rereeeeee
    [objective] => juiojmk
    [tagline] => Your choice tagline
    [State] => maharashtra
    [city] => pune
    [pin] => 411015
    [add_line_1] => karve-road
    [add_line_2] => behind garware college
    [Customer_Care_Name] => mandeep
    [Customer_Care_phone_num_1] => 2147483647
    [Customer_Care_phone_num_2] => 2323310
    [Customer_Care_Email] => mandeep@gmail.com
    [POC_Name] => Prajakta
    [Poc_Email] => prajaktamusale@mandetindia.com
    [Poc_Phone] => 2323310
)

Error: Cannot add or update a child row: a foreign key constraint fails (`icb_portal`.`company_details`, CONSTRAINT `company_details_ibfk_1` FOREIGN KEY (`id`) REFERENCES `company` (`id`))

Request received at 2025-05-13 07:12:00
Method: POST
Raw input: {"id":10000002,"vision":"erere","mission":"rereeeeee","objective":"juiojm","tagline":"Your choice tagline","State":"Maharashtra","city":"pune","pin":"411015","add_line_1":"karve-road","add_line_2":"behind garware college","Customer_Care_Name":"Support Team","Customer_Care_phone_num_1":"2393230","Customer_Care_phone_num_2":"2333344","Customer_Care_Email":"customerSupport@gmail.com","POC_Name":"Mandeep dalavi","Poc_Email":"mandeepdalavi@gmail.com","Poc_Phone":"2345220"}
Decoded data: Array
(
    [id] => 10000002
    [vision] => erere
    [mission] => rereeeeee
    [objective] => juiojm
    [tagline] => Your choice tagline
    [State] => Maharashtra
    [city] => pune
    [pin] => 411015
    [add_line_1] => karve-road
    [add_line_2] => behind garware college
    [Customer_Care_Name] => Support Team
    [Customer_Care_phone_num_1] => 2393230
    [Customer_Care_phone_num_2] => 2333344
    [Customer_Care_Email] => customerSupport@gmail.com
    [POC_Name] => Mandeep dalavi
    [Poc_Email] => mandeepdalavi@gmail.com
    [Poc_Phone] => 2345220
)

Error: Unknown column 'Customer_Care_phone_num-1' in 'field list'

Request received at 2025-05-13 07:13:43
Method: POST
Raw input: {"id":10000002,"vision":"erere","mission":"rereeeeee","objective":"juiojm","tagline":"Your choice tagline","State":"maharashtra","city":"pune","pin":"411015","Add_line_1":"karve-road","Add_line_2":"behind garware college","Customer_Care_Name":"Support Team","Customer_Care_phone_num_1":"2393230","Customer_Care_phone_num_2":"2333344","Customer_Care_Email":"customerSupport@gmail.com","POC_Name":"Mandeeasp dalavi","Poc_Email":"mandeepdalavi@gmail.com","Poc_Phone":"2345220"}
Decoded data: Array
(
    [id] => 10000002
    [vision] => erere
    [mission] => rereeeeee
    [objective] => juiojm
    [tagline] => Your choice tagline
    [State] => maharashtra
    [city] => pune
    [pin] => 411015
    [Add_line_1] => karve-road
    [Add_line_2] => behind garware college
    [Customer_Care_Name] => Support Team
    [Customer_Care_phone_num_1] => 2393230
    [Customer_Care_phone_num_2] => 2333344
    [Customer_Care_Email] => customerSupport@gmail.com
    [POC_Name] => Mandeeasp dalavi
    [Poc_Email] => mandeepdalavi@gmail.com
    [Poc_Phone] => 2345220
)

Error: Unknown column 'Customer_Care_phone_num-1' in 'field list'

Request received at 2025-05-13 07:15:21
Method: POST
Raw input: {"id":10000002,"vision":"erere","mission":"rereeeeee","objective":"juiojm","tagline":"Your choice tagline","State":"maharashtra","city":"pune","pin":"411015","Add_line_1":"karve-road","Add_line_2":"behind garware college","Customer_Care_Name":"Support Team","Customer_Care_phone_num_1":"2393230","Customer_Care_phone_num_2":"2333344","Customer_Care_Email":"customerSupport@gmail.com","POC_Name":"Mandeep dalavih","Poc_Email":"mandeepdalavi@gmail.com","Poc_Phone":"2345220"}
Decoded data: Array
(
    [id] => 10000002
    [vision] => erere
    [mission] => rereeeeee
    [objective] => juiojm
    [tagline] => Your choice tagline
    [State] => maharashtra
    [city] => pune
    [pin] => 411015
    [Add_line_1] => karve-road
    [Add_line_2] => behind garware college
    [Customer_Care_Name] => Support Team
    [Customer_Care_phone_num_1] => 2393230
    [Customer_Care_phone_num_2] => 2333344
    [Customer_Care_Email] => customerSupport@gmail.com
    [POC_Name] => Mandeep dalavih
    [Poc_Email] => mandeepdalavi@gmail.com
    [Poc_Phone] => 2345220
)

Error: Unknown column 'Customer_Care_phone_num-1' in 'field list'

Request received at 2025-05-13 07:17:55
Method: POST
Raw input: {"id":10000002,"vision":"erere","mission":"rereeeeee","objective":"juiojm","tagline":"Your choice tagline","State":"maharashtra","city":"pune","pin":"411015","Add_line_1":"karve-road","Add_line_2":"behind garware college","Customer_Care_Name":"Support Team","Customer_Care_phone_num_1":"2393230","Customer_Care_phone_num_2":"2333344","Customer_Care_Email":"customerSupport@gmail.com","POC_Name":"Mandeep dalavih","Poc_Email":"mandeepdalavi@gmail.com","Poc_Phone":"2345220"}
Decoded data: Array
(
    [id] => 10000002
    [vision] => erere
    [mission] => rereeeeee
    [objective] => juiojm
    [tagline] => Your choice tagline
    [State] => maharashtra
    [city] => pune
    [pin] => 411015
    [Add_line_1] => karve-road
    [Add_line_2] => behind garware college
    [Customer_Care_Name] => Support Team
    [Customer_Care_phone_num_1] => 2393230
    [Customer_Care_phone_num_2] => 2333344
    [Customer_Care_Email] => customerSupport@gmail.com
    [POC_Name] => Mandeep dalavih
    [Poc_Email] => mandeepdalavi@gmail.com
    [Poc_Phone] => 2345220
)

Error: Unknown column 'Customer_Care_phone_num-1' in 'field list'

Request received at 2025-05-13 07:21:47
Method: POST
Raw input: {"id":10000002,"vision":"erere","mission":"rereeeeee","objective":"juiojm","tagline":"Your choice tagline","State":"maharashtra","city":"pune","pin":"411015","Add_line_1":"karve-road","Add_line_2":"behind garware college","Customer_Care_Name":"Support Team","Customer_Care_phone_num_1":"2393230","Customer_Care_phone_num_2":"2333344","Customer_Care_Email":"customerSupport@gmail.com","POC_Name":"Mandeep dalavih","Poc_Email":"mandeepdalavi@gmail.com","Poc_Phone":"2345220"}
Decoded data: Array
(
    [id] => 10000002
    [vision] => erere
    [mission] => rereeeeee
    [objective] => juiojm
    [tagline] => Your choice tagline
    [State] => maharashtra
    [city] => pune
    [pin] => 411015
    [Add_line_1] => karve-road
    [Add_line_2] => behind garware college
    [Customer_Care_Name] => Support Team
    [Customer_Care_phone_num_1] => 2393230
    [Customer_Care_phone_num_2] => 2333344
    [Customer_Care_Email] => customerSupport@gmail.com
    [POC_Name] => Mandeep dalavih
    [Poc_Email] => mandeepdalavi@gmail.com
    [Poc_Phone] => 2345220
)

Error: Unknown column 'Customer_Care_phone_num-1' in 'field list'

Request received at 2025-05-13 07:26:31
Method: POST
Raw input: {"id":10000002,"vision":"erereii","mission":"rereeeeee","objective":"juiojm","tagline":"Your choice tagline","State":"maharashtra","city":"pune","pin":"411015","Add_line_1":"karve-road","Add_line_2":"behind garware college","Customer_Care_Name":"Support Team","Customer_Care_phone_num_1":"2393230","Customer_Care_phone_num_2":"2333344","Customer_Care_Email":"customerSupport@gmail.com","POC_Name":"Mandeep dalavi","Poc_Email":"mandeepdalavi@gmail.com","Poc_Phone":"2345220"}
Decoded data: Array
(
    [id] => 10000002
    [vision] => erereii
    [mission] => rereeeeee
    [objective] => juiojm
    [tagline] => Your choice tagline
    [State] => maharashtra
    [city] => pune
    [pin] => 411015
    [Add_line_1] => karve-road
    [Add_line_2] => behind garware college
    [Customer_Care_Name] => Support Team
    [Customer_Care_phone_num_1] => 2393230
    [Customer_Care_phone_num_2] => 2333344
    [Customer_Care_Email] => customerSupport@gmail.com
    [POC_Name] => Mandeep dalavi
    [Poc_Email] => mandeepdalavi@gmail.com
    [Poc_Phone] => 2345220
)

Error: Cannot add or update a child row: a foreign key constraint fails (`icb_portal`.`company_details`, CONSTRAINT `company_details_ibfk_1` FOREIGN KEY (`id`) REFERENCES `company` (`id`))

Request received at 2025-05-13 07:41:11
Method: POST
Raw input: {"vision":"erereii","mission":"rereeeeee","objective":"juiojm","tagline":"Your choice tagline","State":"maharashtra","city":"pune","pin":"411015","Add_line_1":"karve-road","Add_line_2":"behind garware college","Customer_Care_Name":"Support Team","Customer_Care_phone_num_1":"2393230","Customer_Care_phone_num_2":"2333344","Customer_Care_Email":"customerSupport@gmail.com","POC_Name":"Mandeep dalavi","Poc_Email":"mandeepdalavi@gmail.com","Poc_Phone":"2345220"}
Decoded data: Array
(
    [vision] => erereii
    [mission] => rereeeeee
    [objective] => juiojm
    [tagline] => Your choice tagline
    [State] => maharashtra
    [city] => pune
    [pin] => 411015
    [Add_line_1] => karve-road
    [Add_line_2] => behind garware college
    [Customer_Care_Name] => Support Team
    [Customer_Care_phone_num_1] => 2393230
    [Customer_Care_phone_num_2] => 2333344
    [Customer_Care_Email] => customerSupport@gmail.com
    [POC_Name] => Mandeep dalavi
    [Poc_Email] => mandeepdalavi@gmail.com
    [Poc_Phone] => 2345220
)

Query executed. Affected rows: 1
Success: Company details updated

Request received at 2025-05-13 07:43:40
Method: POST
Raw input: {"vision":"erereii","mission":"rereeeeee","objective":"juiojm","tagline":"Your choice tagline","State":"maharashtra","city":"pune","pin":"411015","Add_line_1":"karve-road","Add_line_2":"behind garware college","Customer_Care_Name":"Support Team","Customer_Care_phone_num_1":"2393230","Customer_Care_phone_num_2":"2333344","Customer_Care_Email":"customerSupport@gmail.com","POC_Name":"Mandeep dalasi","Poc_Email":"mandeepdalavi@gmail.com","Poc_Phone":"2345220"}
Decoded data: Array
(
    [vision] => erereii
    [mission] => rereeeeee
    [objective] => juiojm
    [tagline] => Your choice tagline
    [State] => maharashtra
    [city] => pune
    [pin] => 411015
    [Add_line_1] => karve-road
    [Add_line_2] => behind garware college
    [Customer_Care_Name] => Support Team
    [Customer_Care_phone_num_1] => 2393230
    [Customer_Care_phone_num_2] => 2333344
    [Customer_Care_Email] => customerSupport@gmail.com
    [POC_Name] => Mandeep dalasi
    [Poc_Email] => mandeepdalavi@gmail.com
    [Poc_Phone] => 2345220
)

Query executed. Affected rows: 1
Success: Company details updated

Request received at 2025-05-13 07:44:16
Method: POST
Raw input: {"vision":"erereii","mission":"rereeeeee","objective":"juiojm","tagline":"Your choice tagline","State":"maharashtra","city":"pune","pin":"411015","Add_line_1":"karve-road","Add_line_2":"behind garware college","Customer_Care_Name":"Support Team","Customer_Care_phone_num_1":"2393230","Customer_Care_phone_num_2":"2333344","Customer_Care_Email":"customersupport@gmail.com","POC_Name":"Mandeep dalasi","Poc_Email":"mandeepdalavi@gmail.com","Poc_Phone":"2345220"}
Decoded data: Array
(
    [vision] => erereii
    [mission] => rereeeeee
    [objective] => juiojm
    [tagline] => Your choice tagline
    [State] => maharashtra
    [city] => pune
    [pin] => 411015
    [Add_line_1] => karve-road
    [Add_line_2] => behind garware college
    [Customer_Care_Name] => Support Team
    [Customer_Care_phone_num_1] => 2393230
    [Customer_Care_phone_num_2] => 2333344
    [Customer_Care_Email] => customersupport@gmail.com
    [POC_Name] => Mandeep dalasi
    [Poc_Email] => mandeepdalavi@gmail.com
    [Poc_Phone] => 2345220
)

Query executed. Affected rows: 1
Success: Company details updated

